(node:23424) [MONGODB DRIVER] Warning: useNewUrlParser is a deprecated option: useNewUrlParser has no effect since Node.js Driver version 4.0.0 and will be removed in the next major version
(Use `node --trace-warnings ...` to show where the warning was created)
(node:23424) [MONGODB DRIVER] Warning: useUnifiedTopology is a deprecated option: useUnifiedTopology has no effect since Node.js Driver version 4.0.0 and will be removed in the next major version
Error: Not allowed by CORS
    at origin (D:\Web App\Construction Operations Portal\backend\server.js:182:15)
    at D:\Web App\Construction Operations Portal\backend\node_modules\cors\lib\index.js:219:13
    at optionsCallback (D:\Web App\Construction Operations Portal\backend\node_modules\cors\lib\index.js:199:9)
    at corsMiddleware (D:\Web App\Construction Operations Portal\backend\node_modules\cors\lib\index.js:204:7)
    at Layer.handleRequest (D:\Web App\Construction Operations Portal\backend\node_modules\router\lib\layer.js:152:17)
    at trimPrefix (D:\Web App\Construction Operations Portal\backend\node_modules\router\index.js:342:13)
    at D:\Web App\Construction Operations Portal\backend\node_modules\router\index.js:297:9
    at processParams (D:\Web App\Construction Operations Portal\backend\node_modules\router\index.js:582:12)
    at next (D:\Web App\Construction Operations Portal\backend\node_modules\router\index.js:291:5)
    at D:\Web App\Construction Operations Portal\backend\server.js:233:3
Error: Not allowed by CORS
    at origin (D:\Web App\Construction Operations Portal\backend\server.js:182:15)
    at D:\Web App\Construction Operations Portal\backend\node_modules\cors\lib\index.js:219:13
    at optionsCallback (D:\Web App\Construction Operations Portal\backend\node_modules\cors\lib\index.js:199:9)
    at corsMiddleware (D:\Web App\Construction Operations Portal\backend\node_modules\cors\lib\index.js:204:7)
    at Layer.handleRequest (D:\Web App\Construction Operations Portal\backend\node_modules\router\lib\layer.js:152:17)
    at trimPrefix (D:\Web App\Construction Operations Portal\backend\node_modules\router\index.js:342:13)
    at D:\Web App\Construction Operations Portal\backend\node_modules\router\index.js:297:9
    at processParams (D:\Web App\Construction Operations Portal\backend\node_modules\router\index.js:582:12)
    at next (D:\Web App\Construction Operations Portal\backend\node_modules\router\index.js:291:5)
    at D:\Web App\Construction Operations Portal\backend\server.js:233:3
Error: Not allowed by CORS
    at origin (D:\Web App\Construction Operations Portal\backend\server.js:182:15)
    at D:\Web App\Construction Operations Portal\backend\node_modules\cors\lib\index.js:219:13
    at optionsCallback (D:\Web App\Construction Operations Portal\backend\node_modules\cors\lib\index.js:199:9)
    at corsMiddleware (D:\Web App\Construction Operations Portal\backend\node_modules\cors\lib\index.js:204:7)
    at Layer.handleRequest (D:\Web App\Construction Operations Portal\backend\node_modules\router\lib\layer.js:152:17)
    at trimPrefix (D:\Web App\Construction Operations Portal\backend\node_modules\router\index.js:342:13)
    at D:\Web App\Construction Operations Portal\backend\node_modules\router\index.js:297:9
    at processParams (D:\Web App\Construction Operations Portal\backend\node_modules\router\index.js:582:12)
    at next (D:\Web App\Construction Operations Portal\backend\node_modules\router\index.js:291:5)
    at D:\Web App\Construction Operations Portal\backend\server.js:233:3
Error: Not allowed by CORS
    at origin (D:\Web App\Construction Operations Portal\backend\server.js:182:15)
    at D:\Web App\Construction Operations Portal\backend\node_modules\cors\lib\index.js:219:13
    at optionsCallback (D:\Web App\Construction Operations Portal\backend\node_modules\cors\lib\index.js:199:9)
    at corsMiddleware (D:\Web App\Construction Operations Portal\backend\node_modules\cors\lib\index.js:204:7)
    at Layer.handleRequest (D:\Web App\Construction Operations Portal\backend\node_modules\router\lib\layer.js:152:17)
    at trimPrefix (D:\Web App\Construction Operations Portal\backend\node_modules\router\index.js:342:13)
    at D:\Web App\Construction Operations Portal\backend\node_modules\router\index.js:297:9
    at processParams (D:\Web App\Construction Operations Portal\backend\node_modules\router\index.js:582:12)
    at next (D:\Web App\Construction Operations Portal\backend\node_modules\router\index.js:291:5)
    at D:\Web App\Construction Operations Portal\backend\server.js:233:3
Error: Not allowed by CORS
    at origin (D:\Web App\Construction Operations Portal\backend\server.js:182:15)
    at D:\Web App\Construction Operations Portal\backend\node_modules\cors\lib\index.js:219:13
    at optionsCallback (D:\Web App\Construction Operations Portal\backend\node_modules\cors\lib\index.js:199:9)
    at corsMiddleware (D:\Web App\Construction Operations Portal\backend\node_modules\cors\lib\index.js:204:7)
    at Layer.handleRequest (D:\Web App\Construction Operations Portal\backend\node_modules\router\lib\layer.js:152:17)
    at trimPrefix (D:\Web App\Construction Operations Portal\backend\node_modules\router\index.js:342:13)
    at D:\Web App\Construction Operations Portal\backend\node_modules\router\index.js:297:9
    at processParams (D:\Web App\Construction Operations Portal\backend\node_modules\router\index.js:582:12)
    at next (D:\Web App\Construction Operations Portal\backend\node_modules\router\index.js:291:5)
    at D:\Web App\Construction Operations Portal\backend\server.js:233:3
Error: Not allowed by CORS
    at origin (D:\Web App\Construction Operations Portal\backend\server.js:182:15)
    at D:\Web App\Construction Operations Portal\backend\node_modules\cors\lib\index.js:219:13
    at optionsCallback (D:\Web App\Construction Operations Portal\backend\node_modules\cors\lib\index.js:199:9)
    at corsMiddleware (D:\Web App\Construction Operations Portal\backend\node_modules\cors\lib\index.js:204:7)
    at Layer.handleRequest (D:\Web App\Construction Operations Portal\backend\node_modules\router\lib\layer.js:152:17)
    at trimPrefix (D:\Web App\Construction Operations Portal\backend\node_modules\router\index.js:342:13)
    at D:\Web App\Construction Operations Portal\backend\node_modules\router\index.js:297:9
    at processParams (D:\Web App\Construction Operations Portal\backend\node_modules\router\index.js:582:12)
    at next (D:\Web App\Construction Operations Portal\backend\node_modules\router\index.js:291:5)
    at D:\Web App\Construction Operations Portal\backend\server.js:233:3
Error: Not allowed by CORS
    at origin (D:\Web App\Construction Operations Portal\backend\server.js:182:15)
    at D:\Web App\Construction Operations Portal\backend\node_modules\cors\lib\index.js:219:13
    at optionsCallback (D:\Web App\Construction Operations Portal\backend\node_modules\cors\lib\index.js:199:9)
    at corsMiddleware (D:\Web App\Construction Operations Portal\backend\node_modules\cors\lib\index.js:204:7)
    at Layer.handleRequest (D:\Web App\Construction Operations Portal\backend\node_modules\router\lib\layer.js:152:17)
    at trimPrefix (D:\Web App\Construction Operations Portal\backend\node_modules\router\index.js:342:13)
    at D:\Web App\Construction Operations Portal\backend\node_modules\router\index.js:297:9
    at processParams (D:\Web App\Construction Operations Portal\backend\node_modules\router\index.js:582:12)
    at next (D:\Web App\Construction Operations Portal\backend\node_modules\router\index.js:291:5)
    at D:\Web App\Construction Operations Portal\backend\server.js:233:3
Error: Not allowed by CORS
    at origin (D:\Web App\Construction Operations Portal\backend\server.js:182:15)
    at D:\Web App\Construction Operations Portal\backend\node_modules\cors\lib\index.js:219:13
    at optionsCallback (D:\Web App\Construction Operations Portal\backend\node_modules\cors\lib\index.js:199:9)
    at corsMiddleware (D:\Web App\Construction Operations Portal\backend\node_modules\cors\lib\index.js:204:7)
    at Layer.handleRequest (D:\Web App\Construction Operations Portal\backend\node_modules\router\lib\layer.js:152:17)
    at trimPrefix (D:\Web App\Construction Operations Portal\backend\node_modules\router\index.js:342:13)
    at D:\Web App\Construction Operations Portal\backend\node_modules\router\index.js:297:9
    at processParams (D:\Web App\Construction Operations Portal\backend\node_modules\router\index.js:582:12)
    at next (D:\Web App\Construction Operations Portal\backend\node_modules\router\index.js:291:5)
    at D:\Web App\Construction Operations Portal\backend\server.js:233:3
Error: Not allowed by CORS
    at origin (D:\Web App\Construction Operations Portal\backend\server.js:182:15)
    at D:\Web App\Construction Operations Portal\backend\node_modules\cors\lib\index.js:219:13
    at optionsCallback (D:\Web App\Construction Operations Portal\backend\node_modules\cors\lib\index.js:199:9)
    at corsMiddleware (D:\Web App\Construction Operations Portal\backend\node_modules\cors\lib\index.js:204:7)
    at Layer.handleRequest (D:\Web App\Construction Operations Portal\backend\node_modules\router\lib\layer.js:152:17)
    at trimPrefix (D:\Web App\Construction Operations Portal\backend\node_modules\router\index.js:342:13)
    at D:\Web App\Construction Operations Portal\backend\node_modules\router\index.js:297:9
    at processParams (D:\Web App\Construction Operations Portal\backend\node_modules\router\index.js:582:12)
    at next (D:\Web App\Construction Operations Portal\backend\node_modules\router\index.js:291:5)
    at D:\Web App\Construction Operations Portal\backend\server.js:233:3
Error: Not allowed by CORS
    at origin (D:\Web App\Construction Operations Portal\backend\server.js:182:15)
    at D:\Web App\Construction Operations Portal\backend\node_modules\cors\lib\index.js:219:13
    at optionsCallback (D:\Web App\Construction Operations Portal\backend\node_modules\cors\lib\index.js:199:9)
    at corsMiddleware (D:\Web App\Construction Operations Portal\backend\node_modules\cors\lib\index.js:204:7)
    at Layer.handleRequest (D:\Web App\Construction Operations Portal\backend\node_modules\router\lib\layer.js:152:17)
    at trimPrefix (D:\Web App\Construction Operations Portal\backend\node_modules\router\index.js:342:13)
    at D:\Web App\Construction Operations Portal\backend\node_modules\router\index.js:297:9
    at processParams (D:\Web App\Construction Operations Portal\backend\node_modules\router\index.js:582:12)
    at next (D:\Web App\Construction Operations Portal\backend\node_modules\router\index.js:291:5)
    at D:\Web App\Construction Operations Portal\backend\server.js:233:3
Error: Not allowed by CORS
    at origin (D:\Web App\Construction Operations Portal\backend\server.js:182:15)
    at D:\Web App\Construction Operations Portal\backend\node_modules\cors\lib\index.js:219:13
    at optionsCallback (D:\Web App\Construction Operations Portal\backend\node_modules\cors\lib\index.js:199:9)
    at corsMiddleware (D:\Web App\Construction Operations Portal\backend\node_modules\cors\lib\index.js:204:7)
    at Layer.handleRequest (D:\Web App\Construction Operations Portal\backend\node_modules\router\lib\layer.js:152:17)
    at trimPrefix (D:\Web App\Construction Operations Portal\backend\node_modules\router\index.js:342:13)
    at D:\Web App\Construction Operations Portal\backend\node_modules\router\index.js:297:9
    at processParams (D:\Web App\Construction Operations Portal\backend\node_modules\router\index.js:582:12)
    at next (D:\Web App\Construction Operations Portal\backend\node_modules\router\index.js:291:5)
    at D:\Web App\Construction Operations Portal\backend\server.js:233:3
Error: Not allowed by CORS
    at origin (D:\Web App\Construction Operations Portal\backend\server.js:182:15)
    at D:\Web App\Construction Operations Portal\backend\node_modules\cors\lib\index.js:219:13
    at optionsCallback (D:\Web App\Construction Operations Portal\backend\node_modules\cors\lib\index.js:199:9)
    at corsMiddleware (D:\Web App\Construction Operations Portal\backend\node_modules\cors\lib\index.js:204:7)
    at Layer.handleRequest (D:\Web App\Construction Operations Portal\backend\node_modules\router\lib\layer.js:152:17)
    at trimPrefix (D:\Web App\Construction Operations Portal\backend\node_modules\router\index.js:342:13)
    at D:\Web App\Construction Operations Portal\backend\node_modules\router\index.js:297:9
    at processParams (D:\Web App\Construction Operations Portal\backend\node_modules\router\index.js:582:12)
    at next (D:\Web App\Construction Operations Portal\backend\node_modules\router\index.js:291:5)
    at D:\Web App\Construction Operations Portal\backend\server.js:233:3
Error: Not allowed by CORS
    at origin (D:\Web App\Construction Operations Portal\backend\server.js:182:15)
    at D:\Web App\Construction Operations Portal\backend\node_modules\cors\lib\index.js:219:13
    at optionsCallback (D:\Web App\Construction Operations Portal\backend\node_modules\cors\lib\index.js:199:9)
    at corsMiddleware (D:\Web App\Construction Operations Portal\backend\node_modules\cors\lib\index.js:204:7)
    at Layer.handleRequest (D:\Web App\Construction Operations Portal\backend\node_modules\router\lib\layer.js:152:17)
    at trimPrefix (D:\Web App\Construction Operations Portal\backend\node_modules\router\index.js:342:13)
    at D:\Web App\Construction Operations Portal\backend\node_modules\router\index.js:297:9
    at processParams (D:\Web App\Construction Operations Portal\backend\node_modules\router\index.js:582:12)
    at next (D:\Web App\Construction Operations Portal\backend\node_modules\router\index.js:291:5)
    at D:\Web App\Construction Operations Portal\backend\server.js:233:3
Error: Not allowed by CORS
    at origin (D:\Web App\Construction Operations Portal\backend\server.js:182:15)
    at D:\Web App\Construction Operations Portal\backend\node_modules\cors\lib\index.js:219:13
    at optionsCallback (D:\Web App\Construction Operations Portal\backend\node_modules\cors\lib\index.js:199:9)
    at corsMiddleware (D:\Web App\Construction Operations Portal\backend\node_modules\cors\lib\index.js:204:7)
    at Layer.handleRequest (D:\Web App\Construction Operations Portal\backend\node_modules\router\lib\layer.js:152:17)
    at trimPrefix (D:\Web App\Construction Operations Portal\backend\node_modules\router\index.js:342:13)
    at D:\Web App\Construction Operations Portal\backend\node_modules\router\index.js:297:9
    at processParams (D:\Web App\Construction Operations Portal\backend\node_modules\router\index.js:582:12)
    at next (D:\Web App\Construction Operations Portal\backend\node_modules\router\index.js:291:5)
    at D:\Web App\Construction Operations Portal\backend\server.js:233:3
Error: Not allowed by CORS
    at origin (D:\Web App\Construction Operations Portal\backend\server.js:182:15)
    at D:\Web App\Construction Operations Portal\backend\node_modules\cors\lib\index.js:219:13
    at optionsCallback (D:\Web App\Construction Operations Portal\backend\node_modules\cors\lib\index.js:199:9)
    at corsMiddleware (D:\Web App\Construction Operations Portal\backend\node_modules\cors\lib\index.js:204:7)
    at Layer.handleRequest (D:\Web App\Construction Operations Portal\backend\node_modules\router\lib\layer.js:152:17)
    at trimPrefix (D:\Web App\Construction Operations Portal\backend\node_modules\router\index.js:342:13)
    at D:\Web App\Construction Operations Portal\backend\node_modules\router\index.js:297:9
    at processParams (D:\Web App\Construction Operations Portal\backend\node_modules\router\index.js:582:12)
    at next (D:\Web App\Construction Operations Portal\backend\node_modules\router\index.js:291:5)
    at D:\Web App\Construction Operations Portal\backend\server.js:233:3
Error: Not allowed by CORS
    at origin (D:\Web App\Construction Operations Portal\backend\server.js:182:15)
    at D:\Web App\Construction Operations Portal\backend\node_modules\cors\lib\index.js:219:13
    at optionsCallback (D:\Web App\Construction Operations Portal\backend\node_modules\cors\lib\index.js:199:9)
    at corsMiddleware (D:\Web App\Construction Operations Portal\backend\node_modules\cors\lib\index.js:204:7)
    at Layer.handleRequest (D:\Web App\Construction Operations Portal\backend\node_modules\router\lib\layer.js:152:17)
    at trimPrefix (D:\Web App\Construction Operations Portal\backend\node_modules\router\index.js:342:13)
    at D:\Web App\Construction Operations Portal\backend\node_modules\router\index.js:297:9
    at processParams (D:\Web App\Construction Operations Portal\backend\node_modules\router\index.js:582:12)
    at next (D:\Web App\Construction Operations Portal\backend\node_modules\router\index.js:291:5)
    at D:\Web App\Construction Operations Portal\backend\server.js:233:3
Error: Not allowed by CORS
    at origin (D:\Web App\Construction Operations Portal\backend\server.js:182:15)
    at D:\Web App\Construction Operations Portal\backend\node_modules\cors\lib\index.js:219:13
    at optionsCallback (D:\Web App\Construction Operations Portal\backend\node_modules\cors\lib\index.js:199:9)
    at corsMiddleware (D:\Web App\Construction Operations Portal\backend\node_modules\cors\lib\index.js:204:7)
    at Layer.handleRequest (D:\Web App\Construction Operations Portal\backend\node_modules\router\lib\layer.js:152:17)
    at trimPrefix (D:\Web App\Construction Operations Portal\backend\node_modules\router\index.js:342:13)
    at D:\Web App\Construction Operations Portal\backend\node_modules\router\index.js:297:9
    at processParams (D:\Web App\Construction Operations Portal\backend\node_modules\router\index.js:582:12)
    at next (D:\Web App\Construction Operations Portal\backend\node_modules\router\index.js:291:5)
    at D:\Web App\Construction Operations Portal\backend\server.js:233:3
Error: Not allowed by CORS
    at origin (D:\Web App\Construction Operations Portal\backend\server.js:182:15)
    at D:\Web App\Construction Operations Portal\backend\node_modules\cors\lib\index.js:219:13
    at optionsCallback (D:\Web App\Construction Operations Portal\backend\node_modules\cors\lib\index.js:199:9)
    at corsMiddleware (D:\Web App\Construction Operations Portal\backend\node_modules\cors\lib\index.js:204:7)
    at Layer.handleRequest (D:\Web App\Construction Operations Portal\backend\node_modules\router\lib\layer.js:152:17)
    at trimPrefix (D:\Web App\Construction Operations Portal\backend\node_modules\router\index.js:342:13)
    at D:\Web App\Construction Operations Portal\backend\node_modules\router\index.js:297:9
    at processParams (D:\Web App\Construction Operations Portal\backend\node_modules\router\index.js:582:12)
    at next (D:\Web App\Construction Operations Portal\backend\node_modules\router\index.js:291:5)
    at D:\Web App\Construction Operations Portal\backend\server.js:233:3
Error: Not allowed by CORS
    at origin (D:\Web App\Construction Operations Portal\backend\server.js:182:15)
    at D:\Web App\Construction Operations Portal\backend\node_modules\cors\lib\index.js:219:13
    at optionsCallback (D:\Web App\Construction Operations Portal\backend\node_modules\cors\lib\index.js:199:9)
    at corsMiddleware (D:\Web App\Construction Operations Portal\backend\node_modules\cors\lib\index.js:204:7)
    at Layer.handleRequest (D:\Web App\Construction Operations Portal\backend\node_modules\router\lib\layer.js:152:17)
    at trimPrefix (D:\Web App\Construction Operations Portal\backend\node_modules\router\index.js:342:13)
    at D:\Web App\Construction Operations Portal\backend\node_modules\router\index.js:297:9
    at processParams (D:\Web App\Construction Operations Portal\backend\node_modules\router\index.js:582:12)
    at next (D:\Web App\Construction Operations Portal\backend\node_modules\router\index.js:291:5)
    at D:\Web App\Construction Operations Portal\backend\server.js:233:3
Error: Not allowed by CORS
    at origin (D:\Web App\Construction Operations Portal\backend\server.js:182:15)
    at D:\Web App\Construction Operations Portal\backend\node_modules\cors\lib\index.js:219:13
    at optionsCallback (D:\Web App\Construction Operations Portal\backend\node_modules\cors\lib\index.js:199:9)
    at corsMiddleware (D:\Web App\Construction Operations Portal\backend\node_modules\cors\lib\index.js:204:7)
    at Layer.handleRequest (D:\Web App\Construction Operations Portal\backend\node_modules\router\lib\layer.js:152:17)
    at trimPrefix (D:\Web App\Construction Operations Portal\backend\node_modules\router\index.js:342:13)
    at D:\Web App\Construction Operations Portal\backend\node_modules\router\index.js:297:9
    at processParams (D:\Web App\Construction Operations Portal\backend\node_modules\router\index.js:582:12)
    at next (D:\Web App\Construction Operations Portal\backend\node_modules\router\index.js:291:5)
    at D:\Web App\Construction Operations Portal\backend\server.js:233:3
Error: Not allowed by CORS
    at origin (D:\Web App\Construction Operations Portal\backend\server.js:182:15)
    at D:\Web App\Construction Operations Portal\backend\node_modules\cors\lib\index.js:219:13
    at optionsCallback (D:\Web App\Construction Operations Portal\backend\node_modules\cors\lib\index.js:199:9)
    at corsMiddleware (D:\Web App\Construction Operations Portal\backend\node_modules\cors\lib\index.js:204:7)
    at Layer.handleRequest (D:\Web App\Construction Operations Portal\backend\node_modules\router\lib\layer.js:152:17)
    at trimPrefix (D:\Web App\Construction Operations Portal\backend\node_modules\router\index.js:342:13)
    at D:\Web App\Construction Operations Portal\backend\node_modules\router\index.js:297:9
    at processParams (D:\Web App\Construction Operations Portal\backend\node_modules\router\index.js:582:12)
    at next (D:\Web App\Construction Operations Portal\backend\node_modules\router\index.js:291:5)
    at D:\Web App\Construction Operations Portal\backend\server.js:233:3
Error: Not allowed by CORS
    at origin (D:\Web App\Construction Operations Portal\backend\server.js:182:15)
    at D:\Web App\Construction Operations Portal\backend\node_modules\cors\lib\index.js:219:13
    at optionsCallback (D:\Web App\Construction Operations Portal\backend\node_modules\cors\lib\index.js:199:9)
    at corsMiddleware (D:\Web App\Construction Operations Portal\backend\node_modules\cors\lib\index.js:204:7)
    at Layer.handleRequest (D:\Web App\Construction Operations Portal\backend\node_modules\router\lib\layer.js:152:17)
    at trimPrefix (D:\Web App\Construction Operations Portal\backend\node_modules\router\index.js:342:13)
    at D:\Web App\Construction Operations Portal\backend\node_modules\router\index.js:297:9
    at processParams (D:\Web App\Construction Operations Portal\backend\node_modules\router\index.js:582:12)
    at next (D:\Web App\Construction Operations Portal\backend\node_modules\router\index.js:291:5)
    at D:\Web App\Construction Operations Portal\backend\server.js:233:3
Error: Not allowed by CORS
    at origin (D:\Web App\Construction Operations Portal\backend\server.js:182:15)
    at D:\Web App\Construction Operations Portal\backend\node_modules\cors\lib\index.js:219:13
    at optionsCallback (D:\Web App\Construction Operations Portal\backend\node_modules\cors\lib\index.js:199:9)
    at corsMiddleware (D:\Web App\Construction Operations Portal\backend\node_modules\cors\lib\index.js:204:7)
    at Layer.handleRequest (D:\Web App\Construction Operations Portal\backend\node_modules\router\lib\layer.js:152:17)
    at trimPrefix (D:\Web App\Construction Operations Portal\backend\node_modules\router\index.js:342:13)
    at D:\Web App\Construction Operations Portal\backend\node_modules\router\index.js:297:9
    at processParams (D:\Web App\Construction Operations Portal\backend\node_modules\router\index.js:582:12)
    at next (D:\Web App\Construction Operations Portal\backend\node_modules\router\index.js:291:5)
    at D:\Web App\Construction Operations Portal\backend\server.js:233:3
Error: Not allowed by CORS
    at origin (D:\Web App\Construction Operations Portal\backend\server.js:182:15)
    at D:\Web App\Construction Operations Portal\backend\node_modules\cors\lib\index.js:219:13
    at optionsCallback (D:\Web App\Construction Operations Portal\backend\node_modules\cors\lib\index.js:199:9)
    at corsMiddleware (D:\Web App\Construction Operations Portal\backend\node_modules\cors\lib\index.js:204:7)
    at Layer.handleRequest (D:\Web App\Construction Operations Portal\backend\node_modules\router\lib\layer.js:152:17)
    at trimPrefix (D:\Web App\Construction Operations Portal\backend\node_modules\router\index.js:342:13)
    at D:\Web App\Construction Operations Portal\backend\node_modules\router\index.js:297:9
    at processParams (D:\Web App\Construction Operations Portal\backend\node_modules\router\index.js:582:12)
    at next (D:\Web App\Construction Operations Portal\backend\node_modules\router\index.js:291:5)
    at D:\Web App\Construction Operations Portal\backend\server.js:233:3
Error: Not allowed by CORS
    at origin (D:\Web App\Construction Operations Portal\backend\server.js:182:15)
    at D:\Web App\Construction Operations Portal\backend\node_modules\cors\lib\index.js:219:13
    at optionsCallback (D:\Web App\Construction Operations Portal\backend\node_modules\cors\lib\index.js:199:9)
    at corsMiddleware (D:\Web App\Construction Operations Portal\backend\node_modules\cors\lib\index.js:204:7)
    at Layer.handleRequest (D:\Web App\Construction Operations Portal\backend\node_modules\router\lib\layer.js:152:17)
    at trimPrefix (D:\Web App\Construction Operations Portal\backend\node_modules\router\index.js:342:13)
    at D:\Web App\Construction Operations Portal\backend\node_modules\router\index.js:297:9
    at processParams (D:\Web App\Construction Operations Portal\backend\node_modules\router\index.js:582:12)
    at next (D:\Web App\Construction Operations Portal\backend\node_modules\router\index.js:291:5)
    at D:\Web App\Construction Operations Portal\backend\server.js:233:3
Error: Not allowed by CORS
    at origin (D:\Web App\Construction Operations Portal\backend\server.js:182:15)
    at D:\Web App\Construction Operations Portal\backend\node_modules\cors\lib\index.js:219:13
    at optionsCallback (D:\Web App\Construction Operations Portal\backend\node_modules\cors\lib\index.js:199:9)
    at corsMiddleware (D:\Web App\Construction Operations Portal\backend\node_modules\cors\lib\index.js:204:7)
    at Layer.handleRequest (D:\Web App\Construction Operations Portal\backend\node_modules\router\lib\layer.js:152:17)
    at trimPrefix (D:\Web App\Construction Operations Portal\backend\node_modules\router\index.js:342:13)
    at D:\Web App\Construction Operations Portal\backend\node_modules\router\index.js:297:9
    at processParams (D:\Web App\Construction Operations Portal\backend\node_modules\router\index.js:582:12)
    at next (D:\Web App\Construction Operations Portal\backend\node_modules\router\index.js:291:5)
    at D:\Web App\Construction Operations Portal\backend\server.js:233:3
Error: Not allowed by CORS
    at origin (D:\Web App\Construction Operations Portal\backend\server.js:182:15)
    at D:\Web App\Construction Operations Portal\backend\node_modules\cors\lib\index.js:219:13
    at optionsCallback (D:\Web App\Construction Operations Portal\backend\node_modules\cors\lib\index.js:199:9)
    at corsMiddleware (D:\Web App\Construction Operations Portal\backend\node_modules\cors\lib\index.js:204:7)
    at Layer.handleRequest (D:\Web App\Construction Operations Portal\backend\node_modules\router\lib\layer.js:152:17)
    at trimPrefix (D:\Web App\Construction Operations Portal\backend\node_modules\router\index.js:342:13)
    at D:\Web App\Construction Operations Portal\backend\node_modules\router\index.js:297:9
    at processParams (D:\Web App\Construction Operations Portal\backend\node_modules\router\index.js:582:12)
    at next (D:\Web App\Construction Operations Portal\backend\node_modules\router\index.js:291:5)
    at D:\Web App\Construction Operations Portal\backend\server.js:233:3
Error: Not allowed by CORS
    at origin (D:\Web App\Construction Operations Portal\backend\server.js:182:15)
    at D:\Web App\Construction Operations Portal\backend\node_modules\cors\lib\index.js:219:13
    at optionsCallback (D:\Web App\Construction Operations Portal\backend\node_modules\cors\lib\index.js:199:9)
    at corsMiddleware (D:\Web App\Construction Operations Portal\backend\node_modules\cors\lib\index.js:204:7)
    at Layer.handleRequest (D:\Web App\Construction Operations Portal\backend\node_modules\router\lib\layer.js:152:17)
    at trimPrefix (D:\Web App\Construction Operations Portal\backend\node_modules\router\index.js:342:13)
    at D:\Web App\Construction Operations Portal\backend\node_modules\router\index.js:297:9
    at processParams (D:\Web App\Construction Operations Portal\backend\node_modules\router\index.js:582:12)
    at next (D:\Web App\Construction Operations Portal\backend\node_modules\router\index.js:291:5)
    at D:\Web App\Construction Operations Portal\backend\server.js:233:3
Error: Not allowed by CORS
    at origin (D:\Web App\Construction Operations Portal\backend\server.js:182:15)
    at D:\Web App\Construction Operations Portal\backend\node_modules\cors\lib\index.js:219:13
    at optionsCallback (D:\Web App\Construction Operations Portal\backend\node_modules\cors\lib\index.js:199:9)
    at corsMiddleware (D:\Web App\Construction Operations Portal\backend\node_modules\cors\lib\index.js:204:7)
    at Layer.handleRequest (D:\Web App\Construction Operations Portal\backend\node_modules\router\lib\layer.js:152:17)
    at trimPrefix (D:\Web App\Construction Operations Portal\backend\node_modules\router\index.js:342:13)
    at D:\Web App\Construction Operations Portal\backend\node_modules\router\index.js:297:9
    at processParams (D:\Web App\Construction Operations Portal\backend\node_modules\router\index.js:582:12)
    at next (D:\Web App\Construction Operations Portal\backend\node_modules\router\index.js:291:5)
    at D:\Web App\Construction Operations Portal\backend\server.js:233:3
Error: Not allowed by CORS
    at origin (D:\Web App\Construction Operations Portal\backend\server.js:182:15)
    at D:\Web App\Construction Operations Portal\backend\node_modules\cors\lib\index.js:219:13
    at optionsCallback (D:\Web App\Construction Operations Portal\backend\node_modules\cors\lib\index.js:199:9)
    at corsMiddleware (D:\Web App\Construction Operations Portal\backend\node_modules\cors\lib\index.js:204:7)
    at Layer.handleRequest (D:\Web App\Construction Operations Portal\backend\node_modules\router\lib\layer.js:152:17)
    at trimPrefix (D:\Web App\Construction Operations Portal\backend\node_modules\router\index.js:342:13)
    at D:\Web App\Construction Operations Portal\backend\node_modules\router\index.js:297:9
    at processParams (D:\Web App\Construction Operations Portal\backend\node_modules\router\index.js:582:12)
    at next (D:\Web App\Construction Operations Portal\backend\node_modules\router\index.js:291:5)
    at D:\Web App\Construction Operations Portal\backend\server.js:233:3
Error: Not allowed by CORS
    at origin (D:\Web App\Construction Operations Portal\backend\server.js:182:15)
    at D:\Web App\Construction Operations Portal\backend\node_modules\cors\lib\index.js:219:13
    at optionsCallback (D:\Web App\Construction Operations Portal\backend\node_modules\cors\lib\index.js:199:9)
    at corsMiddleware (D:\Web App\Construction Operations Portal\backend\node_modules\cors\lib\index.js:204:7)
    at Layer.handleRequest (D:\Web App\Construction Operations Portal\backend\node_modules\router\lib\layer.js:152:17)
    at trimPrefix (D:\Web App\Construction Operations Portal\backend\node_modules\router\index.js:342:13)
    at D:\Web App\Construction Operations Portal\backend\node_modules\router\index.js:297:9
    at processParams (D:\Web App\Construction Operations Portal\backend\node_modules\router\index.js:582:12)
    at next (D:\Web App\Construction Operations Portal\backend\node_modules\router\index.js:291:5)
    at D:\Web App\Construction Operations Portal\backend\server.js:233:3
Error: Not allowed by CORS
    at origin (D:\Web App\Construction Operations Portal\backend\server.js:182:15)
    at D:\Web App\Construction Operations Portal\backend\node_modules\cors\lib\index.js:219:13
    at optionsCallback (D:\Web App\Construction Operations Portal\backend\node_modules\cors\lib\index.js:199:9)
    at corsMiddleware (D:\Web App\Construction Operations Portal\backend\node_modules\cors\lib\index.js:204:7)
    at Layer.handleRequest (D:\Web App\Construction Operations Portal\backend\node_modules\router\lib\layer.js:152:17)
    at trimPrefix (D:\Web App\Construction Operations Portal\backend\node_modules\router\index.js:342:13)
    at D:\Web App\Construction Operations Portal\backend\node_modules\router\index.js:297:9
    at processParams (D:\Web App\Construction Operations Portal\backend\node_modules\router\index.js:582:12)
    at next (D:\Web App\Construction Operations Portal\backend\node_modules\router\index.js:291:5)
    at D:\Web App\Construction Operations Portal\backend\server.js:233:3
Error: Not allowed by CORS
    at origin (D:\Web App\Construction Operations Portal\backend\server.js:182:15)
    at D:\Web App\Construction Operations Portal\backend\node_modules\cors\lib\index.js:219:13
    at optionsCallback (D:\Web App\Construction Operations Portal\backend\node_modules\cors\lib\index.js:199:9)
    at corsMiddleware (D:\Web App\Construction Operations Portal\backend\node_modules\cors\lib\index.js:204:7)
    at Layer.handleRequest (D:\Web App\Construction Operations Portal\backend\node_modules\router\lib\layer.js:152:17)
    at trimPrefix (D:\Web App\Construction Operations Portal\backend\node_modules\router\index.js:342:13)
    at D:\Web App\Construction Operations Portal\backend\node_modules\router\index.js:297:9
    at processParams (D:\Web App\Construction Operations Portal\backend\node_modules\router\index.js:582:12)
    at next (D:\Web App\Construction Operations Portal\backend\node_modules\router\index.js:291:5)
    at D:\Web App\Construction Operations Portal\backend\server.js:233:3
Error: Not allowed by CORS
    at origin (D:\Web App\Construction Operations Portal\backend\server.js:182:15)
    at D:\Web App\Construction Operations Portal\backend\node_modules\cors\lib\index.js:219:13
    at optionsCallback (D:\Web App\Construction Operations Portal\backend\node_modules\cors\lib\index.js:199:9)
    at corsMiddleware (D:\Web App\Construction Operations Portal\backend\node_modules\cors\lib\index.js:204:7)
    at Layer.handleRequest (D:\Web App\Construction Operations Portal\backend\node_modules\router\lib\layer.js:152:17)
    at trimPrefix (D:\Web App\Construction Operations Portal\backend\node_modules\router\index.js:342:13)
    at D:\Web App\Construction Operations Portal\backend\node_modules\router\index.js:297:9
    at processParams (D:\Web App\Construction Operations Portal\backend\node_modules\router\index.js:582:12)
    at next (D:\Web App\Construction Operations Portal\backend\node_modules\router\index.js:291:5)
    at D:\Web App\Construction Operations Portal\backend\server.js:233:3
Error: Not allowed by CORS
    at origin (D:\Web App\Construction Operations Portal\backend\server.js:182:15)
    at D:\Web App\Construction Operations Portal\backend\node_modules\cors\lib\index.js:219:13
    at optionsCallback (D:\Web App\Construction Operations Portal\backend\node_modules\cors\lib\index.js:199:9)
    at corsMiddleware (D:\Web App\Construction Operations Portal\backend\node_modules\cors\lib\index.js:204:7)
    at Layer.handleRequest (D:\Web App\Construction Operations Portal\backend\node_modules\router\lib\layer.js:152:17)
    at trimPrefix (D:\Web App\Construction Operations Portal\backend\node_modules\router\index.js:342:13)
    at D:\Web App\Construction Operations Portal\backend\node_modules\router\index.js:297:9
    at processParams (D:\Web App\Construction Operations Portal\backend\node_modules\router\index.js:582:12)
    at next (D:\Web App\Construction Operations Portal\backend\node_modules\router\index.js:291:5)
    at D:\Web App\Construction Operations Portal\backend\server.js:233:3
Error: Not allowed by CORS
    at origin (D:\Web App\Construction Operations Portal\backend\server.js:182:15)
    at D:\Web App\Construction Operations Portal\backend\node_modules\cors\lib\index.js:219:13
    at optionsCallback (D:\Web App\Construction Operations Portal\backend\node_modules\cors\lib\index.js:199:9)
    at corsMiddleware (D:\Web App\Construction Operations Portal\backend\node_modules\cors\lib\index.js:204:7)
    at Layer.handleRequest (D:\Web App\Construction Operations Portal\backend\node_modules\router\lib\layer.js:152:17)
    at trimPrefix (D:\Web App\Construction Operations Portal\backend\node_modules\router\index.js:342:13)
    at D:\Web App\Construction Operations Portal\backend\node_modules\router\index.js:297:9
    at processParams (D:\Web App\Construction Operations Portal\backend\node_modules\router\index.js:582:12)
    at next (D:\Web App\Construction Operations Portal\backend\node_modules\router\index.js:291:5)
    at D:\Web App\Construction Operations Portal\backend\server.js:233:3
Error: Not allowed by CORS
    at origin (D:\Web App\Construction Operations Portal\backend\server.js:182:15)
    at D:\Web App\Construction Operations Portal\backend\node_modules\cors\lib\index.js:219:13
    at optionsCallback (D:\Web App\Construction Operations Portal\backend\node_modules\cors\lib\index.js:199:9)
    at corsMiddleware (D:\Web App\Construction Operations Portal\backend\node_modules\cors\lib\index.js:204:7)
    at Layer.handleRequest (D:\Web App\Construction Operations Portal\backend\node_modules\router\lib\layer.js:152:17)
    at trimPrefix (D:\Web App\Construction Operations Portal\backend\node_modules\router\index.js:342:13)
    at D:\Web App\Construction Operations Portal\backend\node_modules\router\index.js:297:9
    at processParams (D:\Web App\Construction Operations Portal\backend\node_modules\router\index.js:582:12)
    at next (D:\Web App\Construction Operations Portal\backend\node_modules\router\index.js:291:5)
    at D:\Web App\Construction Operations Portal\backend\server.js:233:3
Error: Not allowed by CORS
    at origin (D:\Web App\Construction Operations Portal\backend\server.js:182:15)
    at D:\Web App\Construction Operations Portal\backend\node_modules\cors\lib\index.js:219:13
    at optionsCallback (D:\Web App\Construction Operations Portal\backend\node_modules\cors\lib\index.js:199:9)
    at corsMiddleware (D:\Web App\Construction Operations Portal\backend\node_modules\cors\lib\index.js:204:7)
    at Layer.handleRequest (D:\Web App\Construction Operations Portal\backend\node_modules\router\lib\layer.js:152:17)
    at trimPrefix (D:\Web App\Construction Operations Portal\backend\node_modules\router\index.js:342:13)
    at D:\Web App\Construction Operations Portal\backend\node_modules\router\index.js:297:9
    at processParams (D:\Web App\Construction Operations Portal\backend\node_modules\router\index.js:582:12)
    at next (D:\Web App\Construction Operations Portal\backend\node_modules\router\index.js:291:5)
    at D:\Web App\Construction Operations Portal\backend\server.js:233:3
Error: Not allowed by CORS
    at origin (D:\Web App\Construction Operations Portal\backend\server.js:182:15)
    at D:\Web App\Construction Operations Portal\backend\node_modules\cors\lib\index.js:219:13
    at optionsCallback (D:\Web App\Construction Operations Portal\backend\node_modules\cors\lib\index.js:199:9)
    at corsMiddleware (D:\Web App\Construction Operations Portal\backend\node_modules\cors\lib\index.js:204:7)
    at Layer.handleRequest (D:\Web App\Construction Operations Portal\backend\node_modules\router\lib\layer.js:152:17)
    at trimPrefix (D:\Web App\Construction Operations Portal\backend\node_modules\router\index.js:342:13)
    at D:\Web App\Construction Operations Portal\backend\node_modules\router\index.js:297:9
    at processParams (D:\Web App\Construction Operations Portal\backend\node_modules\router\index.js:582:12)
    at next (D:\Web App\Construction Operations Portal\backend\node_modules\router\index.js:291:5)
    at D:\Web App\Construction Operations Portal\backend\server.js:233:3
Error: Not allowed by CORS
    at origin (D:\Web App\Construction Operations Portal\backend\server.js:182:15)
    at D:\Web App\Construction Operations Portal\backend\node_modules\cors\lib\index.js:219:13
    at optionsCallback (D:\Web App\Construction Operations Portal\backend\node_modules\cors\lib\index.js:199:9)
    at corsMiddleware (D:\Web App\Construction Operations Portal\backend\node_modules\cors\lib\index.js:204:7)
    at Layer.handleRequest (D:\Web App\Construction Operations Portal\backend\node_modules\router\lib\layer.js:152:17)
    at trimPrefix (D:\Web App\Construction Operations Portal\backend\node_modules\router\index.js:342:13)
    at D:\Web App\Construction Operations Portal\backend\node_modules\router\index.js:297:9
    at processParams (D:\Web App\Construction Operations Portal\backend\node_modules\router\index.js:582:12)
    at next (D:\Web App\Construction Operations Portal\backend\node_modules\router\index.js:291:5)
    at D:\Web App\Construction Operations Portal\backend\server.js:233:3
Error: Not allowed by CORS
    at origin (D:\Web App\Construction Operations Portal\backend\server.js:182:15)
    at D:\Web App\Construction Operations Portal\backend\node_modules\cors\lib\index.js:219:13
    at optionsCallback (D:\Web App\Construction Operations Portal\backend\node_modules\cors\lib\index.js:199:9)
    at corsMiddleware (D:\Web App\Construction Operations Portal\backend\node_modules\cors\lib\index.js:204:7)
    at Layer.handleRequest (D:\Web App\Construction Operations Portal\backend\node_modules\router\lib\layer.js:152:17)
    at trimPrefix (D:\Web App\Construction Operations Portal\backend\node_modules\router\index.js:342:13)
    at D:\Web App\Construction Operations Portal\backend\node_modules\router\index.js:297:9
    at processParams (D:\Web App\Construction Operations Portal\backend\node_modules\router\index.js:582:12)
    at next (D:\Web App\Construction Operations Portal\backend\node_modules\router\index.js:291:5)
    at D:\Web App\Construction Operations Portal\backend\server.js:233:3
Error: Not allowed by CORS
    at origin (D:\Web App\Construction Operations Portal\backend\server.js:182:15)
    at D:\Web App\Construction Operations Portal\backend\node_modules\cors\lib\index.js:219:13
    at optionsCallback (D:\Web App\Construction Operations Portal\backend\node_modules\cors\lib\index.js:199:9)
    at corsMiddleware (D:\Web App\Construction Operations Portal\backend\node_modules\cors\lib\index.js:204:7)
    at Layer.handleRequest (D:\Web App\Construction Operations Portal\backend\node_modules\router\lib\layer.js:152:17)
    at trimPrefix (D:\Web App\Construction Operations Portal\backend\node_modules\router\index.js:342:13)
    at D:\Web App\Construction Operations Portal\backend\node_modules\router\index.js:297:9
    at processParams (D:\Web App\Construction Operations Portal\backend\node_modules\router\index.js:582:12)
    at next (D:\Web App\Construction Operations Portal\backend\node_modules\router\index.js:291:5)
    at D:\Web App\Construction Operations Portal\backend\server.js:233:3
Error: Not allowed by CORS
    at origin (D:\Web App\Construction Operations Portal\backend\server.js:182:15)
    at D:\Web App\Construction Operations Portal\backend\node_modules\cors\lib\index.js:219:13
    at optionsCallback (D:\Web App\Construction Operations Portal\backend\node_modules\cors\lib\index.js:199:9)
    at corsMiddleware (D:\Web App\Construction Operations Portal\backend\node_modules\cors\lib\index.js:204:7)
    at Layer.handleRequest (D:\Web App\Construction Operations Portal\backend\node_modules\router\lib\layer.js:152:17)
    at trimPrefix (D:\Web App\Construction Operations Portal\backend\node_modules\router\index.js:342:13)
    at D:\Web App\Construction Operations Portal\backend\node_modules\router\index.js:297:9
    at processParams (D:\Web App\Construction Operations Portal\backend\node_modules\router\index.js:582:12)
    at next (D:\Web App\Construction Operations Portal\backend\node_modules\router\index.js:291:5)
    at D:\Web App\Construction Operations Portal\backend\server.js:233:3
Error: Not allowed by CORS
    at origin (D:\Web App\Construction Operations Portal\backend\server.js:182:15)
    at D:\Web App\Construction Operations Portal\backend\node_modules\cors\lib\index.js:219:13
    at optionsCallback (D:\Web App\Construction Operations Portal\backend\node_modules\cors\lib\index.js:199:9)
    at corsMiddleware (D:\Web App\Construction Operations Portal\backend\node_modules\cors\lib\index.js:204:7)
    at Layer.handleRequest (D:\Web App\Construction Operations Portal\backend\node_modules\router\lib\layer.js:152:17)
    at trimPrefix (D:\Web App\Construction Operations Portal\backend\node_modules\router\index.js:342:13)
    at D:\Web App\Construction Operations Portal\backend\node_modules\router\index.js:297:9
    at processParams (D:\Web App\Construction Operations Portal\backend\node_modules\router\index.js:582:12)
    at next (D:\Web App\Construction Operations Portal\backend\node_modules\router\index.js:291:5)
    at D:\Web App\Construction Operations Portal\backend\server.js:233:3
Error: Not allowed by CORS
    at origin (D:\Web App\Construction Operations Portal\backend\server.js:182:15)
    at D:\Web App\Construction Operations Portal\backend\node_modules\cors\lib\index.js:219:13
    at optionsCallback (D:\Web App\Construction Operations Portal\backend\node_modules\cors\lib\index.js:199:9)
    at corsMiddleware (D:\Web App\Construction Operations Portal\backend\node_modules\cors\lib\index.js:204:7)
    at Layer.handleRequest (D:\Web App\Construction Operations Portal\backend\node_modules\router\lib\layer.js:152:17)
    at trimPrefix (D:\Web App\Construction Operations Portal\backend\node_modules\router\index.js:342:13)
    at D:\Web App\Construction Operations Portal\backend\node_modules\router\index.js:297:9
    at processParams (D:\Web App\Construction Operations Portal\backend\node_modules\router\index.js:582:12)
    at next (D:\Web App\Construction Operations Portal\backend\node_modules\router\index.js:291:5)
    at D:\Web App\Construction Operations Portal\backend\server.js:233:3
Error: Not allowed by CORS
    at origin (D:\Web App\Construction Operations Portal\backend\server.js:182:15)
    at D:\Web App\Construction Operations Portal\backend\node_modules\cors\lib\index.js:219:13
    at optionsCallback (D:\Web App\Construction Operations Portal\backend\node_modules\cors\lib\index.js:199:9)
    at corsMiddleware (D:\Web App\Construction Operations Portal\backend\node_modules\cors\lib\index.js:204:7)
    at Layer.handleRequest (D:\Web App\Construction Operations Portal\backend\node_modules\router\lib\layer.js:152:17)
    at trimPrefix (D:\Web App\Construction Operations Portal\backend\node_modules\router\index.js:342:13)
    at D:\Web App\Construction Operations Portal\backend\node_modules\router\index.js:297:9
    at processParams (D:\Web App\Construction Operations Portal\backend\node_modules\router\index.js:582:12)
    at next (D:\Web App\Construction Operations Portal\backend\node_modules\router\index.js:291:5)
    at D:\Web App\Construction Operations Portal\backend\server.js:233:3
Error: Not allowed by CORS
    at origin (D:\Web App\Construction Operations Portal\backend\server.js:182:15)
    at D:\Web App\Construction Operations Portal\backend\node_modules\cors\lib\index.js:219:13
    at optionsCallback (D:\Web App\Construction Operations Portal\backend\node_modules\cors\lib\index.js:199:9)
    at corsMiddleware (D:\Web App\Construction Operations Portal\backend\node_modules\cors\lib\index.js:204:7)
    at Layer.handleRequest (D:\Web App\Construction Operations Portal\backend\node_modules\router\lib\layer.js:152:17)
    at trimPrefix (D:\Web App\Construction Operations Portal\backend\node_modules\router\index.js:342:13)
    at D:\Web App\Construction Operations Portal\backend\node_modules\router\index.js:297:9
    at processParams (D:\Web App\Construction Operations Portal\backend\node_modules\router\index.js:582:12)
    at next (D:\Web App\Construction Operations Portal\backend\node_modules\router\index.js:291:5)
    at D:\Web App\Construction Operations Portal\backend\server.js:233:3
Error: Not allowed by CORS
    at origin (D:\Web App\Construction Operations Portal\backend\server.js:182:15)
    at D:\Web App\Construction Operations Portal\backend\node_modules\cors\lib\index.js:219:13
    at optionsCallback (D:\Web App\Construction Operations Portal\backend\node_modules\cors\lib\index.js:199:9)
    at corsMiddleware (D:\Web App\Construction Operations Portal\backend\node_modules\cors\lib\index.js:204:7)
    at Layer.handleRequest (D:\Web App\Construction Operations Portal\backend\node_modules\router\lib\layer.js:152:17)
    at trimPrefix (D:\Web App\Construction Operations Portal\backend\node_modules\router\index.js:342:13)
    at D:\Web App\Construction Operations Portal\backend\node_modules\router\index.js:297:9
    at processParams (D:\Web App\Construction Operations Portal\backend\node_modules\router\index.js:582:12)
    at next (D:\Web App\Construction Operations Portal\backend\node_modules\router\index.js:291:5)
    at D:\Web App\Construction Operations Portal\backend\server.js:233:3
Error: Not allowed by CORS
    at origin (D:\Web App\Construction Operations Portal\backend\server.js:182:15)
    at D:\Web App\Construction Operations Portal\backend\node_modules\cors\lib\index.js:219:13
    at optionsCallback (D:\Web App\Construction Operations Portal\backend\node_modules\cors\lib\index.js:199:9)
    at corsMiddleware (D:\Web App\Construction Operations Portal\backend\node_modules\cors\lib\index.js:204:7)
    at Layer.handleRequest (D:\Web App\Construction Operations Portal\backend\node_modules\router\lib\layer.js:152:17)
    at trimPrefix (D:\Web App\Construction Operations Portal\backend\node_modules\router\index.js:342:13)
    at D:\Web App\Construction Operations Portal\backend\node_modules\router\index.js:297:9
    at processParams (D:\Web App\Construction Operations Portal\backend\node_modules\router\index.js:582:12)
    at next (D:\Web App\Construction Operations Portal\backend\node_modules\router\index.js:291:5)
    at D:\Web App\Construction Operations Portal\backend\server.js:233:3
Error: Not allowed by CORS
    at origin (D:\Web App\Construction Operations Portal\backend\server.js:182:15)
    at D:\Web App\Construction Operations Portal\backend\node_modules\cors\lib\index.js:219:13
    at optionsCallback (D:\Web App\Construction Operations Portal\backend\node_modules\cors\lib\index.js:199:9)
    at corsMiddleware (D:\Web App\Construction Operations Portal\backend\node_modules\cors\lib\index.js:204:7)
    at Layer.handleRequest (D:\Web App\Construction Operations Portal\backend\node_modules\router\lib\layer.js:152:17)
    at trimPrefix (D:\Web App\Construction Operations Portal\backend\node_modules\router\index.js:342:13)
    at D:\Web App\Construction Operations Portal\backend\node_modules\router\index.js:297:9
    at processParams (D:\Web App\Construction Operations Portal\backend\node_modules\router\index.js:582:12)
    at next (D:\Web App\Construction Operations Portal\backend\node_modules\router\index.js:291:5)
    at D:\Web App\Construction Operations Portal\backend\server.js:233:3
Error: Not allowed by CORS
    at origin (D:\Web App\Construction Operations Portal\backend\server.js:182:15)
    at D:\Web App\Construction Operations Portal\backend\node_modules\cors\lib\index.js:219:13
    at optionsCallback (D:\Web App\Construction Operations Portal\backend\node_modules\cors\lib\index.js:199:9)
    at corsMiddleware (D:\Web App\Construction Operations Portal\backend\node_modules\cors\lib\index.js:204:7)
    at Layer.handleRequest (D:\Web App\Construction Operations Portal\backend\node_modules\router\lib\layer.js:152:17)
    at trimPrefix (D:\Web App\Construction Operations Portal\backend\node_modules\router\index.js:342:13)
    at D:\Web App\Construction Operations Portal\backend\node_modules\router\index.js:297:9
    at processParams (D:\Web App\Construction Operations Portal\backend\node_modules\router\index.js:582:12)
    at next (D:\Web App\Construction Operations Portal\backend\node_modules\router\index.js:291:5)
    at D:\Web App\Construction Operations Portal\backend\server.js:233:3
Error: Not allowed by CORS
    at origin (D:\Web App\Construction Operations Portal\backend\server.js:182:15)
    at D:\Web App\Construction Operations Portal\backend\node_modules\cors\lib\index.js:219:13
    at optionsCallback (D:\Web App\Construction Operations Portal\backend\node_modules\cors\lib\index.js:199:9)
    at corsMiddleware (D:\Web App\Construction Operations Portal\backend\node_modules\cors\lib\index.js:204:7)
    at Layer.handleRequest (D:\Web App\Construction Operations Portal\backend\node_modules\router\lib\layer.js:152:17)
    at trimPrefix (D:\Web App\Construction Operations Portal\backend\node_modules\router\index.js:342:13)
    at D:\Web App\Construction Operations Portal\backend\node_modules\router\index.js:297:9
    at processParams (D:\Web App\Construction Operations Portal\backend\node_modules\router\index.js:582:12)
    at next (D:\Web App\Construction Operations Portal\backend\node_modules\router\index.js:291:5)
    at D:\Web App\Construction Operations Portal\backend\server.js:233:3
Error: Not allowed by CORS
    at origin (D:\Web App\Construction Operations Portal\backend\server.js:182:15)
    at D:\Web App\Construction Operations Portal\backend\node_modules\cors\lib\index.js:219:13
    at optionsCallback (D:\Web App\Construction Operations Portal\backend\node_modules\cors\lib\index.js:199:9)
    at corsMiddleware (D:\Web App\Construction Operations Portal\backend\node_modules\cors\lib\index.js:204:7)
    at Layer.handleRequest (D:\Web App\Construction Operations Portal\backend\node_modules\router\lib\layer.js:152:17)
    at trimPrefix (D:\Web App\Construction Operations Portal\backend\node_modules\router\index.js:342:13)
    at D:\Web App\Construction Operations Portal\backend\node_modules\router\index.js:297:9
    at processParams (D:\Web App\Construction Operations Portal\backend\node_modules\router\index.js:582:12)
    at next (D:\Web App\Construction Operations Portal\backend\node_modules\router\index.js:291:5)
    at D:\Web App\Construction Operations Portal\backend\server.js:233:3
Error: Not allowed by CORS
    at origin (D:\Web App\Construction Operations Portal\backend\server.js:182:15)
    at D:\Web App\Construction Operations Portal\backend\node_modules\cors\lib\index.js:219:13
    at optionsCallback (D:\Web App\Construction Operations Portal\backend\node_modules\cors\lib\index.js:199:9)
    at corsMiddleware (D:\Web App\Construction Operations Portal\backend\node_modules\cors\lib\index.js:204:7)
    at Layer.handleRequest (D:\Web App\Construction Operations Portal\backend\node_modules\router\lib\layer.js:152:17)
    at trimPrefix (D:\Web App\Construction Operations Portal\backend\node_modules\router\index.js:342:13)
    at D:\Web App\Construction Operations Portal\backend\node_modules\router\index.js:297:9
    at processParams (D:\Web App\Construction Operations Portal\backend\node_modules\router\index.js:582:12)
    at next (D:\Web App\Construction Operations Portal\backend\node_modules\router\index.js:291:5)
    at D:\Web App\Construction Operations Portal\backend\server.js:233:3
Error: Not allowed by CORS
    at origin (D:\Web App\Construction Operations Portal\backend\server.js:182:15)
    at D:\Web App\Construction Operations Portal\backend\node_modules\cors\lib\index.js:219:13
    at optionsCallback (D:\Web App\Construction Operations Portal\backend\node_modules\cors\lib\index.js:199:9)
    at corsMiddleware (D:\Web App\Construction Operations Portal\backend\node_modules\cors\lib\index.js:204:7)
    at Layer.handleRequest (D:\Web App\Construction Operations Portal\backend\node_modules\router\lib\layer.js:152:17)
    at trimPrefix (D:\Web App\Construction Operations Portal\backend\node_modules\router\index.js:342:13)
    at D:\Web App\Construction Operations Portal\backend\node_modules\router\index.js:297:9
    at processParams (D:\Web App\Construction Operations Portal\backend\node_modules\router\index.js:582:12)
    at next (D:\Web App\Construction Operations Portal\backend\node_modules\router\index.js:291:5)
    at D:\Web App\Construction Operations Portal\backend\server.js:233:3
Error: Not allowed by CORS
    at origin (D:\Web App\Construction Operations Portal\backend\server.js:182:15)
    at D:\Web App\Construction Operations Portal\backend\node_modules\cors\lib\index.js:219:13
    at optionsCallback (D:\Web App\Construction Operations Portal\backend\node_modules\cors\lib\index.js:199:9)
    at corsMiddleware (D:\Web App\Construction Operations Portal\backend\node_modules\cors\lib\index.js:204:7)
    at Layer.handleRequest (D:\Web App\Construction Operations Portal\backend\node_modules\router\lib\layer.js:152:17)
    at trimPrefix (D:\Web App\Construction Operations Portal\backend\node_modules\router\index.js:342:13)
    at D:\Web App\Construction Operations Portal\backend\node_modules\router\index.js:297:9
    at processParams (D:\Web App\Construction Operations Portal\backend\node_modules\router\index.js:582:12)
    at next (D:\Web App\Construction Operations Portal\backend\node_modules\router\index.js:291:5)
    at D:\Web App\Construction Operations Portal\backend\server.js:233:3
Error: Not allowed by CORS
    at origin (D:\Web App\Construction Operations Portal\backend\server.js:182:15)
    at D:\Web App\Construction Operations Portal\backend\node_modules\cors\lib\index.js:219:13
    at optionsCallback (D:\Web App\Construction Operations Portal\backend\node_modules\cors\lib\index.js:199:9)
    at corsMiddleware (D:\Web App\Construction Operations Portal\backend\node_modules\cors\lib\index.js:204:7)
    at Layer.handleRequest (D:\Web App\Construction Operations Portal\backend\node_modules\router\lib\layer.js:152:17)
    at trimPrefix (D:\Web App\Construction Operations Portal\backend\node_modules\router\index.js:342:13)
    at D:\Web App\Construction Operations Portal\backend\node_modules\router\index.js:297:9
    at processParams (D:\Web App\Construction Operations Portal\backend\node_modules\router\index.js:582:12)
    at next (D:\Web App\Construction Operations Portal\backend\node_modules\router\index.js:291:5)
    at D:\Web App\Construction Operations Portal\backend\server.js:233:3
Error: Not allowed by CORS
    at origin (D:\Web App\Construction Operations Portal\backend\server.js:182:15)
    at D:\Web App\Construction Operations Portal\backend\node_modules\cors\lib\index.js:219:13
    at optionsCallback (D:\Web App\Construction Operations Portal\backend\node_modules\cors\lib\index.js:199:9)
    at corsMiddleware (D:\Web App\Construction Operations Portal\backend\node_modules\cors\lib\index.js:204:7)
    at Layer.handleRequest (D:\Web App\Construction Operations Portal\backend\node_modules\router\lib\layer.js:152:17)
    at trimPrefix (D:\Web App\Construction Operations Portal\backend\node_modules\router\index.js:342:13)
    at D:\Web App\Construction Operations Portal\backend\node_modules\router\index.js:297:9
    at processParams (D:\Web App\Construction Operations Portal\backend\node_modules\router\index.js:582:12)
    at next (D:\Web App\Construction Operations Portal\backend\node_modules\router\index.js:291:5)
    at D:\Web App\Construction Operations Portal\backend\server.js:233:3
Error: Not allowed by CORS
    at origin (D:\Web App\Construction Operations Portal\backend\server.js:182:15)
    at D:\Web App\Construction Operations Portal\backend\node_modules\cors\lib\index.js:219:13
    at optionsCallback (D:\Web App\Construction Operations Portal\backend\node_modules\cors\lib\index.js:199:9)
    at corsMiddleware (D:\Web App\Construction Operations Portal\backend\node_modules\cors\lib\index.js:204:7)
    at Layer.handleRequest (D:\Web App\Construction Operations Portal\backend\node_modules\router\lib\layer.js:152:17)
    at trimPrefix (D:\Web App\Construction Operations Portal\backend\node_modules\router\index.js:342:13)
    at D:\Web App\Construction Operations Portal\backend\node_modules\router\index.js:297:9
    at processParams (D:\Web App\Construction Operations Portal\backend\node_modules\router\index.js:582:12)
    at next (D:\Web App\Construction Operations Portal\backend\node_modules\router\index.js:291:5)
    at D:\Web App\Construction Operations Portal\backend\server.js:233:3
Error: Not allowed by CORS
    at origin (D:\Web App\Construction Operations Portal\backend\server.js:182:15)
    at D:\Web App\Construction Operations Portal\backend\node_modules\cors\lib\index.js:219:13
    at optionsCallback (D:\Web App\Construction Operations Portal\backend\node_modules\cors\lib\index.js:199:9)
    at corsMiddleware (D:\Web App\Construction Operations Portal\backend\node_modules\cors\lib\index.js:204:7)
    at Layer.handleRequest (D:\Web App\Construction Operations Portal\backend\node_modules\router\lib\layer.js:152:17)
    at trimPrefix (D:\Web App\Construction Operations Portal\backend\node_modules\router\index.js:342:13)
    at D:\Web App\Construction Operations Portal\backend\node_modules\router\index.js:297:9
    at processParams (D:\Web App\Construction Operations Portal\backend\node_modules\router\index.js:582:12)
    at next (D:\Web App\Construction Operations Portal\backend\node_modules\router\index.js:291:5)
    at D:\Web App\Construction Operations Portal\backend\server.js:233:3
Error: Not allowed by CORS
    at origin (D:\Web App\Construction Operations Portal\backend\server.js:182:15)
    at D:\Web App\Construction Operations Portal\backend\node_modules\cors\lib\index.js:219:13
    at optionsCallback (D:\Web App\Construction Operations Portal\backend\node_modules\cors\lib\index.js:199:9)
    at corsMiddleware (D:\Web App\Construction Operations Portal\backend\node_modules\cors\lib\index.js:204:7)
    at Layer.handleRequest (D:\Web App\Construction Operations Portal\backend\node_modules\router\lib\layer.js:152:17)
    at trimPrefix (D:\Web App\Construction Operations Portal\backend\node_modules\router\index.js:342:13)
    at D:\Web App\Construction Operations Portal\backend\node_modules\router\index.js:297:9
    at processParams (D:\Web App\Construction Operations Portal\backend\node_modules\router\index.js:582:12)
    at next (D:\Web App\Construction Operations Portal\backend\node_modules\router\index.js:291:5)
    at D:\Web App\Construction Operations Portal\backend\server.js:233:3
Error: Not allowed by CORS
    at origin (D:\Web App\Construction Operations Portal\backend\server.js:182:15)
    at D:\Web App\Construction Operations Portal\backend\node_modules\cors\lib\index.js:219:13
    at optionsCallback (D:\Web App\Construction Operations Portal\backend\node_modules\cors\lib\index.js:199:9)
    at corsMiddleware (D:\Web App\Construction Operations Portal\backend\node_modules\cors\lib\index.js:204:7)
    at Layer.handleRequest (D:\Web App\Construction Operations Portal\backend\node_modules\router\lib\layer.js:152:17)
    at trimPrefix (D:\Web App\Construction Operations Portal\backend\node_modules\router\index.js:342:13)
    at D:\Web App\Construction Operations Portal\backend\node_modules\router\index.js:297:9
    at processParams (D:\Web App\Construction Operations Portal\backend\node_modules\router\index.js:582:12)
    at next (D:\Web App\Construction Operations Portal\backend\node_modules\router\index.js:291:5)
    at D:\Web App\Construction Operations Portal\backend\server.js:233:3
Error: Not allowed by CORS
    at origin (D:\Web App\Construction Operations Portal\backend\server.js:182:15)
    at D:\Web App\Construction Operations Portal\backend\node_modules\cors\lib\index.js:219:13
    at optionsCallback (D:\Web App\Construction Operations Portal\backend\node_modules\cors\lib\index.js:199:9)
    at corsMiddleware (D:\Web App\Construction Operations Portal\backend\node_modules\cors\lib\index.js:204:7)
    at Layer.handleRequest (D:\Web App\Construction Operations Portal\backend\node_modules\router\lib\layer.js:152:17)
    at trimPrefix (D:\Web App\Construction Operations Portal\backend\node_modules\router\index.js:342:13)
    at D:\Web App\Construction Operations Portal\backend\node_modules\router\index.js:297:9
    at processParams (D:\Web App\Construction Operations Portal\backend\node_modules\router\index.js:582:12)
    at next (D:\Web App\Construction Operations Portal\backend\node_modules\router\index.js:291:5)
    at D:\Web App\Construction Operations Portal\backend\server.js:233:3
Error: Not allowed by CORS
    at origin (D:\Web App\Construction Operations Portal\backend\server.js:182:15)
    at D:\Web App\Construction Operations Portal\backend\node_modules\cors\lib\index.js:219:13
    at optionsCallback (D:\Web App\Construction Operations Portal\backend\node_modules\cors\lib\index.js:199:9)
    at corsMiddleware (D:\Web App\Construction Operations Portal\backend\node_modules\cors\lib\index.js:204:7)
    at Layer.handleRequest (D:\Web App\Construction Operations Portal\backend\node_modules\router\lib\layer.js:152:17)
    at trimPrefix (D:\Web App\Construction Operations Portal\backend\node_modules\router\index.js:342:13)
    at D:\Web App\Construction Operations Portal\backend\node_modules\router\index.js:297:9
    at processParams (D:\Web App\Construction Operations Portal\backend\node_modules\router\index.js:582:12)
    at next (D:\Web App\Construction Operations Portal\backend\node_modules\router\index.js:291:5)
    at D:\Web App\Construction Operations Portal\backend\server.js:233:3
